0 info it worked if it ends with ok
1 verbose cli [ 'C:\\nodejs\\node.exe',
1 verbose cli   'C:\\nodejs\\node_modules\\npm\\bin\\npm-cli.js',
1 verbose cli   'run',
1 verbose cli   'kiku',
1 verbose cli   'listen',
1 verbose cli   'X:\\music\\Anime OST' ]
2 info using npm@2.15.5
3 info using node@v4.4.5
4 verbose run-script [ 'prekiku', 'kiku', 'postkiku' ]
5 info prekiku kiku@0.0.0
6 info kiku kiku@0.0.0
7 verbose unsafe-perm in lifecycle true
8 info kiku@0.0.0 Failed to exec kiku script
9 verbose stack Error: kiku@0.0.0 kiku: `./kiku.js "listen" "X:\music\Anime OST"`
9 verbose stack Exit status 1
9 verbose stack     at EventEmitter.<anonymous> (C:\nodejs\node_modules\npm\lib\utils\lifecycle.js:217:16)
9 verbose stack     at emitTwo (events.js:87:13)
9 verbose stack     at EventEmitter.emit (events.js:172:7)
9 verbose stack     at ChildProcess.<anonymous> (C:\nodejs\node_modules\npm\lib\utils\spawn.js:24:14)
9 verbose stack     at emitTwo (events.js:87:13)
9 verbose stack     at ChildProcess.emit (events.js:172:7)
9 verbose stack     at maybeClose (internal/child_process.js:827:16)
9 verbose stack     at Process.ChildProcess._handle.onexit (internal/child_process.js:211:5)
10 verbose pkgid kiku@0.0.0
11 verbose cwd X:\dev\nodejs\kiku
12 error Windows_NT 6.3.9600
13 error argv "C:\\nodejs\\node.exe" "C:\\nodejs\\node_modules\\npm\\bin\\npm-cli.js" "run" "kiku" "listen" "X:\\music\\Anime OST"
14 error node v4.4.5
15 error npm  v2.15.5
16 error code ELIFECYCLE
17 error kiku@0.0.0 kiku: `./kiku.js "listen" "X:\music\Anime OST"`
17 error Exit status 1
18 error Failed at the kiku@0.0.0 kiku script './kiku.js "listen" "X:\music\Anime OST"'.
18 error This is most likely a problem with the kiku package,
18 error not with npm itself.
18 error Tell the author that this fails on your system:
18 error     ./kiku.js "listen" "X:\music\Anime OST"
18 error You can get information on how to open an issue for this project with:
18 error     npm bugs kiku
18 error Or if that isn't available, you can get their info via:
18 error
18 error     npm owner ls kiku
18 error There is likely additional logging output above.
19 verbose exit [ 1, true ]
